<?xml version="1.0" encoding="UTF-8"?>
<testng-results skipped="1" failed="0" ignored="0" total="1" passed="0">
  <reporter-output>
  </reporter-output>
  <suite name="Default suite" duration-ms="19" started-at="2021-09-08T14:37:50Z" finished-at="2021-09-08T14:37:50Z">
    <groups>
    </groups>
    <test name="Default test" duration-ms="19" started-at="2021-09-08T14:37:50Z" finished-at="2021-09-08T14:37:50Z">
      <class name="Selenium.Alert">
        <test-method status="FAIL" signature="setUp()[pri:0, instance:Selenium.Alert@694e1548]" name="setUp" is-config="true" duration-ms="63105" started-at="2021-09-08T14:36:47Z" finished-at="2021-09-08T14:37:50Z">
          <exception class="org.openqa.selenium.WebDriverException">
            <message>
              <![CDATA[unknown error: cannot connect to chrome at localhost:18002
from chrome not reachable
Build info: version: '3.8.1', revision: '6e95a6684b', time: '2017-12-01T18:33:54.468Z'
System info: host: 'IND-5CG0259CMH', ip: '10.161.202.221', os.name: 'Windows 10', os.arch: 'amd64', os.version: '10.0', java.version: '1.8.0_121'
Driver info: driver.version: ChromeDriver
remote stacktrace: Backtrace:
Ordinal0 [0x002B2DB3+2502067]
Ordinal0 [0x0024C5B1+2082225]
Ordinal0 [0x00152360+1057632]
Ordinal0 [0x00147325+1012517]
Ordinal0 [0x0016FF1B+1179419]
Ordinal0 [0x00169D9B+1154459]
Ordinal0 [0x00169B3E+1153854]
Ordinal0 [0x00199A22+1350178]
Ordinal0 [0x0019967A+1349242]
Ordinal0 [0x00195BEB+1334251]
Ordinal0 [0x00172174+1188212]
Ordinal0 [0x00173009+1191945]
GetHandleVerifier [0x0042EC5C+1511084]
GetHandleVerifier [0x004D8522+2205554]
GetHandleVerifier [0x00333393+480739]
GetHandleVerifier [0x00332579+477129]
Ordinal0 [0x00251E5D+2104925]
Ordinal0 [0x002563F8+2122744]
Ordinal0 [0x00256537+2123063]
Ordinal0 [0x0025EE53+2158163]
BaseThreadInitThunk [0x76C7FA29+25]
RtlGetAppContainerNamedObjectPath [0x77047A7E+286]
RtlGetAppContainerNamedObjectPath [0x77047A4E+238]
(No symbol) [0x00000000]
]]>
            </message>
            <full-stacktrace>
              <![CDATA[org.openqa.selenium.WebDriverException: unknown error: cannot connect to chrome at localhost:18002
from chrome not reachable
Build info: version: '3.8.1', revision: '6e95a6684b', time: '2017-12-01T18:33:54.468Z'
System info: host: 'IND-5CG0259CMH', ip: '10.161.202.221', os.name: 'Windows 10', os.arch: 'amd64', os.version: '10.0', java.version: '1.8.0_121'
Driver info: driver.version: ChromeDriver
remote stacktrace: Backtrace:
Ordinal0 [0x002B2DB3+2502067]
Ordinal0 [0x0024C5B1+2082225]
Ordinal0 [0x00152360+1057632]
Ordinal0 [0x00147325+1012517]
Ordinal0 [0x0016FF1B+1179419]
Ordinal0 [0x00169D9B+1154459]
Ordinal0 [0x00169B3E+1153854]
Ordinal0 [0x00199A22+1350178]
Ordinal0 [0x0019967A+1349242]
Ordinal0 [0x00195BEB+1334251]
Ordinal0 [0x00172174+1188212]
Ordinal0 [0x00173009+1191945]
GetHandleVerifier [0x0042EC5C+1511084]
GetHandleVerifier [0x004D8522+2205554]
GetHandleVerifier [0x00333393+480739]
GetHandleVerifier [0x00332579+477129]
Ordinal0 [0x00251E5D+2104925]
Ordinal0 [0x002563F8+2122744]
Ordinal0 [0x00256537+2123063]
Ordinal0 [0x0025EE53+2158163]
BaseThreadInitThunk [0x76C7FA29+25]
RtlGetAppContainerNamedObjectPath [0x77047A7E+286]
RtlGetAppContainerNamedObjectPath [0x77047A4E+238]
(No symbol) [0x00000000]

at sun.reflect.NativeConstructorAccessorImpl.newInstance0(Native Method)
at sun.reflect.NativeConstructorAccessorImpl.newInstance(NativeConstructorAccessorImpl.java:62)
at sun.reflect.DelegatingConstructorAccessorImpl.newInstance(DelegatingConstructorAccessorImpl.java:45)
at java.lang.reflect.Constructor.newInstance(Constructor.java:423)
at org.openqa.selenium.remote.W3CHandshakeResponse.lambda$new$0(W3CHandshakeResponse.java:57)
at org.openqa.selenium.remote.W3CHandshakeResponse.lambda$getResponseFunction$2(W3CHandshakeResponse.java:104)
at org.openqa.selenium.remote.ProtocolHandshake.lambda$createSession$0(ProtocolHandshake.java:123)
at java.util.stream.ReferencePipeline$3$1.accept(ReferencePipeline.java:193)
at java.util.Spliterators$ArraySpliterator.tryAdvance(Spliterators.java:958)
at java.util.stream.ReferencePipeline.forEachWithCancel(ReferencePipeline.java:126)
at java.util.stream.AbstractPipeline.copyIntoWithCancel(AbstractPipeline.java:498)
at java.util.stream.AbstractPipeline.copyInto(AbstractPipeline.java:485)
at java.util.stream.AbstractPipeline.wrapAndCopyInto(AbstractPipeline.java:471)
at java.util.stream.FindOps$FindOp.evaluateSequential(FindOps.java:152)
at java.util.stream.AbstractPipeline.evaluate(AbstractPipeline.java:234)
at java.util.stream.ReferencePipeline.findFirst(ReferencePipeline.java:464)
at org.openqa.selenium.remote.ProtocolHandshake.createSession(ProtocolHandshake.java:126)
at org.openqa.selenium.remote.ProtocolHandshake.createSession(ProtocolHandshake.java:73)
at org.openqa.selenium.remote.HttpCommandExecutor.execute(HttpCommandExecutor.java:142)
at org.openqa.selenium.remote.service.DriverCommandExecutor.execute(DriverCommandExecutor.java:83)
at org.openqa.selenium.remote.RemoteWebDriver.execute(RemoteWebDriver.java:601)
at org.openqa.selenium.remote.RemoteWebDriver.startSession(RemoteWebDriver.java:219)
at org.openqa.selenium.remote.RemoteWebDriver.<init>(RemoteWebDriver.java:142)
at org.openqa.selenium.chrome.ChromeDriver.<init>(ChromeDriver.java:181)
at org.openqa.selenium.chrome.ChromeDriver.<init>(ChromeDriver.java:168)
at org.openqa.selenium.chrome.ChromeDriver.<init>(ChromeDriver.java:157)
at Selenium.Base.setUp(Base.java:39)
at sun.reflect.NativeMethodAccessorImpl.invoke0(Native Method)
at sun.reflect.NativeMethodAccessorImpl.invoke(NativeMethodAccessorImpl.java:62)
at sun.reflect.DelegatingMethodAccessorImpl.invoke(DelegatingMethodAccessorImpl.java:43)
at java.lang.reflect.Method.invoke(Method.java:498)
at org.testng.internal.MethodInvocationHelper.invokeMethod(MethodInvocationHelper.java:124)
at org.testng.internal.MethodInvocationHelper.invokeMethodConsideringTimeout(MethodInvocationHelper.java:59)
at org.testng.internal.Invoker.invokeConfigurationMethod(Invoker.java:458)
at org.testng.internal.Invoker.invokeConfigurations(Invoker.java:222)
at org.testng.internal.Invoker.invokeConfigurations(Invoker.java:142)
at org.testng.SuiteRunner.privateRun(SuiteRunner.java:401)
at org.testng.SuiteRunner.run(SuiteRunner.java:364)
at org.testng.SuiteRunnerWorker.runSuite(SuiteRunnerWorker.java:52)
at org.testng.SuiteRunnerWorker.run(SuiteRunnerWorker.java:84)
at org.testng.TestNG.runSuitesSequentially(TestNG.java:1208)
at org.testng.TestNG.runSuitesLocally(TestNG.java:1137)
at org.testng.TestNG.runSuites(TestNG.java:1049)
at org.testng.TestNG.run(TestNG.java:1017)
at org.testng.remote.AbstractRemoteTestNG.run(AbstractRemoteTestNG.java:132)
at org.testng.remote.RemoteTestNG.initAndRun(RemoteTestNG.java:230)
at org.testng.remote.RemoteTestNG.main(RemoteTestNG.java:76)
]]>
            </full-stacktrace>
          </exception> <!-- org.openqa.selenium.WebDriverException -->
          <reporter-output>
          </reporter-output>
        </test-method> <!-- setUp -->
        <test-method status="SKIP" signature="Link()[pri:2, instance:Selenium.Alert@694e1548]" name="Link" duration-ms="0" started-at="2021-09-08T14:37:50Z" finished-at="2021-09-08T14:37:50Z">
          <exception class="org.openqa.selenium.WebDriverException">
            <message>
              <![CDATA[unknown error: cannot connect to chrome at localhost:18002
from chrome not reachable
Build info: version: '3.8.1', revision: '6e95a6684b', time: '2017-12-01T18:33:54.468Z'
System info: host: 'IND-5CG0259CMH', ip: '10.161.202.221', os.name: 'Windows 10', os.arch: 'amd64', os.version: '10.0', java.version: '1.8.0_121'
Driver info: driver.version: ChromeDriver
remote stacktrace: Backtrace:
Ordinal0 [0x002B2DB3+2502067]
Ordinal0 [0x0024C5B1+2082225]
Ordinal0 [0x00152360+1057632]
Ordinal0 [0x00147325+1012517]
Ordinal0 [0x0016FF1B+1179419]
Ordinal0 [0x00169D9B+1154459]
Ordinal0 [0x00169B3E+1153854]
Ordinal0 [0x00199A22+1350178]
Ordinal0 [0x0019967A+1349242]
Ordinal0 [0x00195BEB+1334251]
Ordinal0 [0x00172174+1188212]
Ordinal0 [0x00173009+1191945]
GetHandleVerifier [0x0042EC5C+1511084]
GetHandleVerifier [0x004D8522+2205554]
GetHandleVerifier [0x00333393+480739]
GetHandleVerifier [0x00332579+477129]
Ordinal0 [0x00251E5D+2104925]
Ordinal0 [0x002563F8+2122744]
Ordinal0 [0x00256537+2123063]
Ordinal0 [0x0025EE53+2158163]
BaseThreadInitThunk [0x76C7FA29+25]
RtlGetAppContainerNamedObjectPath [0x77047A7E+286]
RtlGetAppContainerNamedObjectPath [0x77047A4E+238]
(No symbol) [0x00000000]
]]>
            </message>
            <full-stacktrace>
              <![CDATA[org.openqa.selenium.WebDriverException: unknown error: cannot connect to chrome at localhost:18002
from chrome not reachable
Build info: version: '3.8.1', revision: '6e95a6684b', time: '2017-12-01T18:33:54.468Z'
System info: host: 'IND-5CG0259CMH', ip: '10.161.202.221', os.name: 'Windows 10', os.arch: 'amd64', os.version: '10.0', java.version: '1.8.0_121'
Driver info: driver.version: ChromeDriver
remote stacktrace: Backtrace:
Ordinal0 [0x002B2DB3+2502067]
Ordinal0 [0x0024C5B1+2082225]
Ordinal0 [0x00152360+1057632]
Ordinal0 [0x00147325+1012517]
Ordinal0 [0x0016FF1B+1179419]
Ordinal0 [0x00169D9B+1154459]
Ordinal0 [0x00169B3E+1153854]
Ordinal0 [0x00199A22+1350178]
Ordinal0 [0x0019967A+1349242]
Ordinal0 [0x00195BEB+1334251]
Ordinal0 [0x00172174+1188212]
Ordinal0 [0x00173009+1191945]
GetHandleVerifier [0x0042EC5C+1511084]
GetHandleVerifier [0x004D8522+2205554]
GetHandleVerifier [0x00333393+480739]
GetHandleVerifier [0x00332579+477129]
Ordinal0 [0x00251E5D+2104925]
Ordinal0 [0x002563F8+2122744]
Ordinal0 [0x00256537+2123063]
Ordinal0 [0x0025EE53+2158163]
BaseThreadInitThunk [0x76C7FA29+25]
RtlGetAppContainerNamedObjectPath [0x77047A7E+286]
RtlGetAppContainerNamedObjectPath [0x77047A4E+238]
(No symbol) [0x00000000]

at sun.reflect.NativeConstructorAccessorImpl.newInstance0(Native Method)
at sun.reflect.NativeConstructorAccessorImpl.newInstance(NativeConstructorAccessorImpl.java:62)
at sun.reflect.DelegatingConstructorAccessorImpl.newInstance(DelegatingConstructorAccessorImpl.java:45)
at java.lang.reflect.Constructor.newInstance(Constructor.java:423)
at org.openqa.selenium.remote.W3CHandshakeResponse.lambda$new$0(W3CHandshakeResponse.java:57)
at org.openqa.selenium.remote.W3CHandshakeResponse.lambda$getResponseFunction$2(W3CHandshakeResponse.java:104)
at org.openqa.selenium.remote.ProtocolHandshake.lambda$createSession$0(ProtocolHandshake.java:123)
at java.util.stream.ReferencePipeline$3$1.accept(ReferencePipeline.java:193)
at java.util.Spliterators$ArraySpliterator.tryAdvance(Spliterators.java:958)
at java.util.stream.ReferencePipeline.forEachWithCancel(ReferencePipeline.java:126)
at java.util.stream.AbstractPipeline.copyIntoWithCancel(AbstractPipeline.java:498)
at java.util.stream.AbstractPipeline.copyInto(AbstractPipeline.java:485)
at java.util.stream.AbstractPipeline.wrapAndCopyInto(AbstractPipeline.java:471)
at java.util.stream.FindOps$FindOp.evaluateSequential(FindOps.java:152)
at java.util.stream.AbstractPipeline.evaluate(AbstractPipeline.java:234)
at java.util.stream.ReferencePipeline.findFirst(ReferencePipeline.java:464)
at org.openqa.selenium.remote.ProtocolHandshake.createSession(ProtocolHandshake.java:126)
at org.openqa.selenium.remote.ProtocolHandshake.createSession(ProtocolHandshake.java:73)
at org.openqa.selenium.remote.HttpCommandExecutor.execute(HttpCommandExecutor.java:142)
at org.openqa.selenium.remote.service.DriverCommandExecutor.execute(DriverCommandExecutor.java:83)
at org.openqa.selenium.remote.RemoteWebDriver.execute(RemoteWebDriver.java:601)
at org.openqa.selenium.remote.RemoteWebDriver.startSession(RemoteWebDriver.java:219)
at org.openqa.selenium.remote.RemoteWebDriver.<init>(RemoteWebDriver.java:142)
at org.openqa.selenium.chrome.ChromeDriver.<init>(ChromeDriver.java:181)
at org.openqa.selenium.chrome.ChromeDriver.<init>(ChromeDriver.java:168)
at org.openqa.selenium.chrome.ChromeDriver.<init>(ChromeDriver.java:157)
at Selenium.Base.setUp(Base.java:39)
at sun.reflect.NativeMethodAccessorImpl.invoke0(Native Method)
at sun.reflect.NativeMethodAccessorImpl.invoke(NativeMethodAccessorImpl.java:62)
at sun.reflect.DelegatingMethodAccessorImpl.invoke(DelegatingMethodAccessorImpl.java:43)
at java.lang.reflect.Method.invoke(Method.java:498)
at org.testng.internal.MethodInvocationHelper.invokeMethod(MethodInvocationHelper.java:124)
at org.testng.internal.MethodInvocationHelper.invokeMethodConsideringTimeout(MethodInvocationHelper.java:59)
at org.testng.internal.Invoker.invokeConfigurationMethod(Invoker.java:458)
at org.testng.internal.Invoker.invokeConfigurations(Invoker.java:222)
at org.testng.internal.Invoker.invokeConfigurations(Invoker.java:142)
at org.testng.SuiteRunner.privateRun(SuiteRunner.java:401)
at org.testng.SuiteRunner.run(SuiteRunner.java:364)
at org.testng.SuiteRunnerWorker.runSuite(SuiteRunnerWorker.java:52)
at org.testng.SuiteRunnerWorker.run(SuiteRunnerWorker.java:84)
at org.testng.TestNG.runSuitesSequentially(TestNG.java:1208)
at org.testng.TestNG.runSuitesLocally(TestNG.java:1137)
at org.testng.TestNG.runSuites(TestNG.java:1049)
at org.testng.TestNG.run(TestNG.java:1017)
at org.testng.remote.AbstractRemoteTestNG.run(AbstractRemoteTestNG.java:132)
at org.testng.remote.RemoteTestNG.initAndRun(RemoteTestNG.java:230)
at org.testng.remote.RemoteTestNG.main(RemoteTestNG.java:76)
]]>
            </full-stacktrace>
          </exception> <!-- org.openqa.selenium.WebDriverException -->
          <reporter-output>
          </reporter-output>
        </test-method> <!-- Link -->
      </class> <!-- Selenium.Alert -->
    </test> <!-- Default test -->
  </suite> <!-- Default suite -->
</testng-results>
